<?xml version="1.0" encoding="UTF-8"?>
<!-- Generated by org.testng.reporters.JUnitXMLReporter -->
<testsuite ignored="4" hostname="LAPTOP-3NPM5AHR" failures="0" tests="1" name="TC_01 Login" time="3.205" errors="0" timestamp="2022-09-05T16:39:01 IST">
  <testcase classname="com.genix.Login.LoginIndex" name="login" time="3.003"/>
  <testcase classname="com.genix.Login.LoginIndex" name="productPriceVerification" time="0.0">
    <ignored/>
  </testcase> <!-- productPriceVerification -->
  <testcase classname="com.genix.Login.LoginIndex" name="logout" time="0.0">
    <ignored/>
  </testcase> <!-- logout -->
  <testcase classname="com.genix.Login.LoginIndex" name="removeProductFromCart" time="0.0">
    <ignored/>
  </testcase> <!-- removeProductFromCart -->
  <testcase classname="com.genix.Login.LoginIndex" name="selectProduct" time="0.0">
    <ignored/>
  </testcase> <!-- selectProduct -->
</testsuite> <!-- TC_01 Login -->
