<?xml version="1.0" encoding="UTF-8"?>
<testng-results ignored="12" total="15" passed="3" failed="0" skipped="0">
  <reporter-output>
    <line>
      <![CDATA[Open URL : https://www.saucedemo.com/inventory.html</br>]]>
    </line>
    <line>
      <![CDATA[Do login with valid email and password.</br>]]>
    </line>
    <line>
      <![CDATA[Do login with valid username and password.</br>]]>
    </line>
    <line>
      <![CDATA[<Strong><b>TC_01 Login is passed.</b></font></strong></br>]]>
    </line>
    <line>
      <![CDATA[Click on product.</br>]]>
    </line>
    <line>
      <![CDATA[Product loaded in cart. <Strong><font color=#32cd32><b> &#10004 Pass</b></font></strong></br>]]>
    </line>
    <line>
      <![CDATA[<Strong><b>TC_02 Select Add Product is passed.</b></font></strong></br>]]>
    </line>
    <line>
      <![CDATA[Logging out.</br>]]>
    </line>
    <line>
      <![CDATA[<Strong><b>TC_05 logout is passed.</b></font></strong></br>]]>
    </line>
  </reporter-output>
  <suite started-at="2022-09-05T16:38:58 IST" name="Demo" finished-at="2022-09-05T16:39:16 IST" duration-ms="18419">
    <groups>
    </groups>
    <test started-at="2022-09-05T16:38:58 IST" name="TC_01 Login" finished-at="2022-09-05T16:39:01 IST" duration-ms="3205">
      <class name="com.genix.Login.LoginIndex">
        <test-method is-config="true" signature="fetchSuiteConfiguration(org.testng.ITestContext)[pri:0, instance:com.genix.Login.LoginIndex@13518f37]" started-at="2022-09-05T16:38:58 IST" name="fetchSuiteConfiguration" finished-at="2022-09-05T16:38:58 IST" duration-ms="0" status="PASS">
          <params>
            <param index="0">
              <value>
                <![CDATA[org.testng.TestRunner@36ad5f2a]]>
              </value>
            </param>
          </params>
          <reporter-output>
          </reporter-output>
        </test-method> <!-- fetchSuiteConfiguration -->
        <test-method is-config="true" signature="setUp(java.lang.reflect.Method,org.testng.ITestContext,org.testng.ITestResult)[pri:0, instance:com.genix.Login.LoginIndex@13518f37]" started-at="2022-09-05T16:38:58 IST" name="setUp" finished-at="2022-09-05T16:38:58 IST" duration-ms="169" status="PASS">
          <params>
            <param index="0">
              <value>
                <![CDATA[public void com.genix.Login.LoginIndex.login() throws java.io.IOException,java.awt.AWTException]]>
              </value>
            </param>
            <param index="1">
              <value>
                <![CDATA[org.testng.TestRunner@36ad5f2a]]>
              </value>
            </param>
            <param index="2">
              <value>
                <![CDATA[[TestResult name={null} status=CREATED method=LoginIndex.login()[pri:0, instance:com.genix.Login.LoginIndex@13518f37] output={null}]]]>
              </value>
            </param>
          </params>
          <reporter-output>
          </reporter-output>
        </test-method> <!-- setUp -->
        <test-method signature="login()[pri:0, instance:com.genix.Login.LoginIndex@13518f37]" started-at="2022-09-05T16:38:58 IST" name="login" description="Do Login" finished-at="2022-09-05T16:39:01 IST" duration-ms="3003" status="PASS">
          <reporter-output>
            <line>
              <![CDATA[Open URL : https://www.saucedemo.com/inventory.html</br>]]>
            </line>
            <line>
              <![CDATA[Do login with valid email and password.</br>]]>
            </line>
            <line>
              <![CDATA[Do login with valid username and password.</br>]]>
            </line>
            <line>
              <![CDATA[<Strong><b>TC_01 Login is passed.</b></font></strong></br>]]>
            </line>
          </reporter-output>
        </test-method> <!-- login -->
        <test-method is-config="true" signature="tearDown(org.testng.ITestResult,org.testng.ITestContext)[pri:0, instance:com.genix.Login.LoginIndex@13518f37]" started-at="2022-09-05T16:39:01 IST" name="tearDown" finished-at="2022-09-05T16:39:01 IST" duration-ms="1" status="PASS">
          <params>
            <param index="0">
              <value>
                <![CDATA[[TestResult name=login status=SUCCESS method=LoginIndex.login()[pri:0, instance:com.genix.Login.LoginIndex@13518f37] output=Open URL : https://www.saucedemo.com/inventory.html</br>]]]>
              </value>
            </param>
            <param index="1">
              <value>
                <![CDATA[org.testng.TestRunner@36ad5f2a]]>
              </value>
            </param>
          </params>
          <reporter-output>
          </reporter-output>
        </test-method> <!-- tearDown -->
      </class> <!-- com.genix.Login.LoginIndex -->
    </test> <!-- TC_01 Login -->
    <test started-at="2022-09-05T16:39:01 IST" name="TC_02 Select Add Product" finished-at="2022-09-05T16:39:11 IST" duration-ms="9983">
      <class name="com.genix.Login.LoginIndex">
        <test-method is-config="true" signature="fetchSuiteConfiguration(org.testng.ITestContext)[pri:0, instance:com.genix.Login.LoginIndex@7f6f61c8]" started-at="2022-09-05T16:39:01 IST" name="fetchSuiteConfiguration" finished-at="2022-09-05T16:39:01 IST" duration-ms="0" status="PASS">
          <params>
            <param index="0">
              <value>
                <![CDATA[org.testng.TestRunner@53cddaf8]]>
              </value>
            </param>
          </params>
          <reporter-output>
          </reporter-output>
        </test-method> <!-- fetchSuiteConfiguration -->
        <test-method is-config="true" signature="setUp(java.lang.reflect.Method,org.testng.ITestContext,org.testng.ITestResult)[pri:0, instance:com.genix.Login.LoginIndex@7f6f61c8]" started-at="2022-09-05T16:39:01 IST" name="setUp" finished-at="2022-09-05T16:39:01 IST" duration-ms="169" status="PASS">
          <params>
            <param index="0">
              <value>
                <![CDATA[public void com.genix.Login.LoginIndex.selectProduct() throws java.io.IOException,java.awt.AWTException]]>
              </value>
            </param>
            <param index="1">
              <value>
                <![CDATA[org.testng.TestRunner@53cddaf8]]>
              </value>
            </param>
            <param index="2">
              <value>
                <![CDATA[[TestResult name={null} status=CREATED method=LoginIndex.selectProduct()[pri:0, instance:com.genix.Login.LoginIndex@7f6f61c8] output={null}]]]>
              </value>
            </param>
          </params>
          <reporter-output>
          </reporter-output>
        </test-method> <!-- setUp -->
        <test-method signature="selectProduct()[pri:0, instance:com.genix.Login.LoginIndex@7f6f61c8]" started-at="2022-09-05T16:39:01 IST" name="selectProduct" finished-at="2022-09-05T16:39:11 IST" duration-ms="9810" status="PASS">
          <reporter-output>
            <line>
              <![CDATA[Click on product.</br>]]>
            </line>
            <line>
              <![CDATA[Product loaded in cart. <Strong><font color=#32cd32><b> &#10004 Pass</b></font></strong></br>]]>
            </line>
            <line>
              <![CDATA[<Strong><b>TC_02 Select Add Product is passed.</b></font></strong></br>]]>
            </line>
          </reporter-output>
        </test-method> <!-- selectProduct -->
        <test-method is-config="true" signature="tearDown(org.testng.ITestResult,org.testng.ITestContext)[pri:0, instance:com.genix.Login.LoginIndex@7f6f61c8]" started-at="2022-09-05T16:39:11 IST" name="tearDown" finished-at="2022-09-05T16:39:11 IST" duration-ms="0" status="PASS">
          <params>
            <param index="0">
              <value>
                <![CDATA[[TestResult name=selectProduct status=SUCCESS method=LoginIndex.selectProduct()[pri:0, instance:com.genix.Login.LoginIndex@7f6f61c8] output=Click on product.</br>]]]>
              </value>
            </param>
            <param index="1">
              <value>
                <![CDATA[org.testng.TestRunner@53cddaf8]]>
              </value>
            </param>
          </params>
          <reporter-output>
          </reporter-output>
        </test-method> <!-- tearDown -->
      </class> <!-- com.genix.Login.LoginIndex -->
    </test> <!-- TC_02 Select Add Product -->
    <test started-at="2022-09-05T16:39:11 IST" name="TC_05 logout" finished-at="2022-09-05T16:39:16 IST" duration-ms="5175">
      <class name="com.genix.Login.LoginIndex">
        <test-method is-config="true" signature="fetchSuite(java.lang.String,java.lang.String,org.testng.ITestContext)[pri:0, instance:com.genix.Login.LoginIndex@2a5b3fee]" started-at="2022-09-05T16:38:55 IST" name="fetchSuite" finished-at="2022-09-05T16:38:58 IST" duration-ms="3327" status="PASS">
          <params>
            <param index="0">
              <value is-null="true"/>
            </param>
            <param index="1">
              <value is-null="true"/>
            </param>
            <param index="2">
              <value>
                <![CDATA[org.testng.TestRunner@9281d19]]>
              </value>
            </param>
          </params>
          <reporter-output>
          </reporter-output>
        </test-method> <!-- fetchSuite -->
        <test-method is-config="true" signature="fetchSuiteConfiguration(org.testng.ITestContext)[pri:0, instance:com.genix.Login.LoginIndex@2a5b3fee]" started-at="2022-09-05T16:39:11 IST" name="fetchSuiteConfiguration" finished-at="2022-09-05T16:39:11 IST" duration-ms="1" status="PASS">
          <params>
            <param index="0">
              <value>
                <![CDATA[org.testng.TestRunner@9281d19]]>
              </value>
            </param>
          </params>
          <reporter-output>
          </reporter-output>
        </test-method> <!-- fetchSuiteConfiguration -->
        <test-method is-config="true" signature="setUp(java.lang.reflect.Method,org.testng.ITestContext,org.testng.ITestResult)[pri:0, instance:com.genix.Login.LoginIndex@2a5b3fee]" started-at="2022-09-05T16:39:11 IST" name="setUp" finished-at="2022-09-05T16:39:11 IST" duration-ms="176" status="PASS">
          <params>
            <param index="0">
              <value>
                <![CDATA[public void com.genix.Login.LoginIndex.logout() throws java.io.IOException,java.awt.AWTException]]>
              </value>
            </param>
            <param index="1">
              <value>
                <![CDATA[org.testng.TestRunner@9281d19]]>
              </value>
            </param>
            <param index="2">
              <value>
                <![CDATA[[TestResult name={null} status=CREATED method=LoginIndex.logout()[pri:0, instance:com.genix.Login.LoginIndex@2a5b3fee] output={null}]]]>
              </value>
            </param>
          </params>
          <reporter-output>
          </reporter-output>
        </test-method> <!-- setUp -->
        <test-method signature="logout()[pri:0, instance:com.genix.Login.LoginIndex@2a5b3fee]" started-at="2022-09-05T16:39:11 IST" name="logout" finished-at="2022-09-05T16:39:16 IST" duration-ms="4995" status="PASS">
          <reporter-output>
            <line>
              <![CDATA[Logging out.</br>]]>
            </line>
            <line>
              <![CDATA[<Strong><b>TC_05 logout is passed.</b></font></strong></br>]]>
            </line>
          </reporter-output>
        </test-method> <!-- logout -->
        <test-method is-config="true" signature="tearDown(org.testng.ITestResult,org.testng.ITestContext)[pri:0, instance:com.genix.Login.LoginIndex@2a5b3fee]" started-at="2022-09-05T16:39:16 IST" name="tearDown" finished-at="2022-09-05T16:39:16 IST" duration-ms="0" status="PASS">
          <params>
            <param index="0">
              <value>
                <![CDATA[[TestResult name=logout status=SUCCESS method=LoginIndex.logout()[pri:0, instance:com.genix.Login.LoginIndex@2a5b3fee] output=Logging out.</br>]]]>
              </value>
            </param>
            <param index="1">
              <value>
                <![CDATA[org.testng.TestRunner@9281d19]]>
              </value>
            </param>
          </params>
          <reporter-output>
          </reporter-output>
        </test-method> <!-- tearDown -->
        <test-method is-config="true" signature="postConfigue()[pri:0, instance:com.genix.Login.LoginIndex@2a5b3fee]" started-at="2022-09-05T16:39:16 IST" name="postConfigue" finished-at="2022-09-05T16:39:17 IST" duration-ms="65" status="PASS">
          <reporter-output>
          </reporter-output>
        </test-method> <!-- postConfigue -->
      </class> <!-- com.genix.Login.LoginIndex -->
    </test> <!-- TC_05 logout -->
  </suite> <!-- Demo -->
</testng-results>
